<?xml version="1.0" encoding="UTF-8"?>
<testsuite xmlns:xsi="http://www.w3.org/2001/XMLSchema-instance" xsi:noNamespaceSchemaLocation="https://maven.apache.org/surefire/maven-surefire-plugin/xsd/surefire-test-report-3.0.xsd" version="3.0" name="com.eneik.generated.FinancialDocumentControllerTest" time="1.808" tests="6" errors="0" skipped="0" failures="0">
  <properties>
[...]
</properties>
  <testcase name="testPostgraduateGetsForbiddenForLoad" classname="com.eneik.generated.FinancialDocumentControllerTest" time="0.543">
    <system-out><![CDATA[2026-08-07T10:39:28.870Z  INFO 42040 --- [app] [           main] t.c.s.AnnotationConfigContextLoaderUtils : Could not detect default configuration classes for test class [com.eneik.generated.FinancialDocumentControllerTest]: FinancialDocumentControllerTest does not declare any static, non-private, non-final, nested classes annotated with @Configuration.
2026-08-07T10:39:28.877Z  INFO 42040 --- [app] [           main] .b.t.c.SpringBootTestContextBootstrapper : Found @SpringBootConfiguration com.eneik.generated.Application for test class com.eneik.generated.FinancialDocumentControllerTest

  .   ____          _            __ _ _
 /\\ / ___'_ __ _ _(_)_ __  __ _ \ \ \ \
( ( )\___ | '_ | '_| | '_ \/ _` | \ \ \ \
 \\/  ___)| |_)| | | | | || (_| |  ) ) ) )
  '  |____| .__|_| |_|_| |_\__, | / / / /
 =========|_|==============|___/=/_/_/_/

 :: Spring Boot ::                (v3.3.2)

2026-08-07T10:39:28.921Z  INFO 42040 --- [app] [           main] c.e.g.FinancialDocumentControllerTest    : Starting FinancialDocumentControllerTest using Java 21.0.10 with PID 42040 (started by jules in /app)
2026-08-07T10:39:28.922Z  INFO 42040 --- [app] [           main] c.e.g.FinancialDocumentControllerTest    : The following 1 profile is active: "test"
2026-08-07T10:39:29.146Z  INFO 42040 --- [app] [           main] .s.d.r.c.RepositoryConfigurationDelegate : Bootstrapping Spring Data JPA repositories in DEFAULT mode.
2026-08-07T10:39:29.195Z  INFO 42040 --- [app] [           main] .s.d.r.c.RepositoryConfigurationDelegate : Finished Spring Data repository scanning in 47 ms. Found 6 JPA repository interfaces.
2026-08-07T10:39:29.335Z  INFO 42040 --- [app] [           main] com.zaxxer.hikari.HikariDataSource       : HikariPool-2 - Starting...
2026-08-07T10:39:29.338Z  INFO 42040 --- [app] [           main] com.zaxxer.hikari.pool.HikariPool        : HikariPool-2 - Added connection conn11: url=jdbc:h2:file:./data/appdb user=
2026-08-07T10:39:29.338Z  INFO 42040 --- [app] [           main] com.zaxxer.hikari.HikariDataSource       : HikariPool-2 - Start completed.
2026-08-07T10:39:29.341Z  INFO 42040 --- [app] [           main] org.flywaydb.core.FlywayExecutor         : Database: jdbc:h2:file:./data/appdb (H2 2.2)
2026-08-07T10:39:29.343Z  WARN 42040 --- [app] [           main] o.f.c.internal.database.base.Database    : Flyway upgrade recommended: H2 2.2.224 is newer than this version of Flyway and support has not been tested. The latest supported version of H2 is 2.2.220.
2026-08-07T10:39:29.350Z  INFO 42040 --- [app] [           main] o.f.core.internal.command.DbValidate     : Successfully validated 7 migrations (execution time 00:00.005s)
2026-08-07T10:39:29.355Z  INFO 42040 --- [app] [           main] o.f.core.internal.command.DbMigrate      : Current version of schema "PUBLIC": 20260807032730168
2026-08-07T10:39:29.356Z  INFO 42040 --- [app] [           main] o.f.core.internal.command.DbMigrate      : Schema "PUBLIC" is up to date. No migration necessary.
2026-08-07T10:39:29.377Z  INFO 42040 --- [app] [           main] o.hibernate.jpa.internal.util.LogHelper  : HHH000204: Processing PersistenceUnitInfo [name: default]
2026-08-07T10:39:29.380Z  INFO 42040 --- [app] [           main] o.h.c.internal.RegionFactoryInitiator    : HHH000026: Second-level cache disabled
2026-08-07T10:39:29.390Z  INFO 42040 --- [app] [           main] o.s.o.j.p.SpringPersistenceUnitInfo      : No LoadTimeWeaver setup: ignoring JPA class transformer
2026-08-07T10:39:29.554Z  INFO 42040 --- [app] [           main] o.h.e.t.j.p.i.JtaPlatformInitiator       : HHH000489: No JTA platform available (set 'hibernate.transaction.jta.platform' to enable JTA platform integration)
2026-08-07T10:39:29.558Z  INFO 42040 --- [app] [           main] j.LocalContainerEntityManagerFactoryBean : Initialized JPA EntityManagerFactory for persistence unit 'default'
2026-08-07T10:39:29.691Z  WARN 42040 --- [app] [           main] JpaBaseConfiguration$JpaWebConfiguration : spring.jpa.open-in-view is enabled by default. Therefore, database queries may be performed during view rendering. Explicitly configure spring.jpa.open-in-view to disable this warning
2026-08-07T10:39:29.697Z  INFO 42040 --- [app] [           main] o.s.b.a.w.s.WelcomePageHandlerMapping    : Adding welcome page: class path resource [static/index.html]
2026-08-07T10:39:29.816Z  INFO 42040 --- [app] [           main] o.s.b.t.m.w.SpringBootMockServletContext : Initializing Spring TestDispatcherServlet ''
2026-08-07T10:39:29.816Z  INFO 42040 --- [app] [           main] o.s.t.web.servlet.TestDispatcherServlet  : Initializing Servlet ''
2026-08-07T10:39:29.819Z  INFO 42040 --- [app] [           main] o.s.t.web.servlet.TestDispatcherServlet  : Completed initialization in 1 ms
2026-08-07T10:39:29.828Z  INFO 42040 --- [app] [           main] c.e.g.FinancialDocumentControllerTest    : Started FinancialDocumentControllerTest in 0.945 seconds (process running for 9.195)
]]></system-out>
  </testcase>
  <testcase name="testEconomistGetsBudgetReport" classname="com.eneik.generated.FinancialDocumentControllerTest" time="0.098"/>
  <testcase name="testTeacherGetsForbiddenForBudgetReport" classname="com.eneik.generated.FinancialDocumentControllerTest" time="0.045"/>
  <testcase name="testMissingRoleGetsUnauthorized" classname="com.eneik.generated.FinancialDocumentControllerTest" time="0.039"/>
  <testcase name="testTeacherGetsLoadDocuments" classname="com.eneik.generated.FinancialDocumentControllerTest" time="0.053"/>
  <testcase name="testPostgraduateGetsStipends" classname="com.eneik.generated.FinancialDocumentControllerTest" time="0.051"/>
</testsuite>